<?xml version="1.0" encoding="UTF-8"?>
<coverage generated="1685298317489" clover="3.2.0">
  <project timestamp="1685298317490" name="All files">
    <metrics statements="19" coveredstatements="19" conditionals="6" coveredconditionals="6" methods="7" coveredmethods="7" elements="32" coveredelements="32" complexity="0" loc="19" ncloc="19" packages="1" files="3" classes="3"/>
    <file name="character.js" path="C:\Users\milas\OneDrive\Рабочий стол\Учеба\ajs-50\ArrayBuffer-Math\src\js\character.js">
      <metrics statements="15" coveredstatements="15" conditionals="6" coveredconditionals="6" methods="5" coveredmethods="5"/>
      <line num="3" count="9" type="cond" truecount="2" falsecount="0"/>
      <line num="4" count="8" type="stmt"/>
      <line num="6" count="1" type="stmt"/>
      <line num="8" count="8" type="stmt"/>
      <line num="9" count="8" type="stmt"/>
      <line num="10" count="8" type="stmt"/>
      <line num="14" count="4" type="stmt"/>
      <line num="18" count="4" type="stmt"/>
      <line num="22" count="4" type="stmt"/>
      <line num="26" count="6" type="cond" truecount="2" falsecount="0"/>
      <line num="27" count="2" type="stmt"/>
      <line num="29" count="4" type="stmt"/>
      <line num="30" count="4" type="cond" truecount="2" falsecount="0"/>
      <line num="31" count="2" type="stmt"/>
      <line num="33" count="4" type="stmt"/>
    </file>
    <file name="daemon.js" path="C:\Users\milas\OneDrive\Рабочий стол\Учеба\ajs-50\ArrayBuffer-Math\src\js\daemon.js">
      <metrics statements="2" coveredstatements="2" conditionals="0" coveredconditionals="0" methods="1" coveredmethods="1"/>
      <line num="6" count="4" type="stmt"/>
      <line num="7" count="4" type="stmt"/>
    </file>
    <file name="magician.js" path="C:\Users\milas\OneDrive\Рабочий стол\Учеба\ajs-50\ArrayBuffer-Math\src\js\magician.js">
      <metrics statements="2" coveredstatements="2" conditionals="0" coveredconditionals="0" methods="1" coveredmethods="1"/>
      <line num="6" count="4" type="stmt"/>
      <line num="7" count="4" type="stmt"/>
    </file>
  </project>
</coverage>
