TN:
SF:src\js\character.js
FN:2,(anonymous_0)
FN:13,(anonymous_1)
FN:17,(anonymous_2)
FN:21,(anonymous_3)
FN:25,(anonymous_4)
FNF:5
FNH:5
FNDA:9,(anonymous_0)
FNDA:4,(anonymous_1)
FNDA:4,(anonymous_2)
FNDA:4,(anonymous_3)
FNDA:6,(anonymous_4)
DA:3,9
DA:4,8
DA:6,1
DA:8,8
DA:9,8
DA:10,8
DA:14,4
DA:18,4
DA:22,4
DA:26,6
DA:27,2
DA:29,4
DA:30,4
DA:31,2
DA:33,4
LF:15
LH:15
BRDA:3,0,0,8
BRDA:3,0,1,1
BRDA:26,1,0,2
BRDA:26,1,1,4
BRDA:30,2,0,2
BRDA:30,2,1,2
BRF:6
BRH:6
end_of_record
TN:
SF:src\js\daemon.js
FN:5,(anonymous_0)
FNF:1
FNH:1
FNDA:4,(anonymous_0)
DA:6,4
DA:7,4
LF:2
LH:2
BRF:0
BRH:0
end_of_record
TN:
SF:src\js\magician.js
FN:5,(anonymous_0)
FNF:1
FNH:1
FNDA:4,(anonymous_0)
DA:6,4
DA:7,4
LF:2
LH:2
BRF:0
BRH:0
end_of_record
